0 info it worked if it ends with ok
1 verbose cli [ '/usr/local/bin/node', '/usr/local/bin/npm', 'publish', './' ]
2 info using npm@2.14.7
3 info using node@v4.2.1
4 verbose publish [ './' ]
5 silly cache add args [ './', null ]
6 verbose cache add spec ./
7 silly cache add parsed spec Result {
7 silly cache add   raw: './',
7 silly cache add   scope: null,
7 silly cache add   name: null,
7 silly cache add   rawSpec: './',
7 silly cache add   spec: '/home/nico/Copy/Workspace/xtens-waterline',
7 silly cache add   type: 'directory' }
8 verbose addLocalDirectory /home/nico/.npm/xtens-waterline/1.0.0/package.tgz not in flight; packing
9 verbose tar pack [ '/home/nico/.npm/xtens-waterline/1.0.0/package.tgz',
9 verbose tar pack   '/home/nico/Copy/Workspace/xtens-waterline' ]
10 verbose tarball /home/nico/.npm/xtens-waterline/1.0.0/package.tgz
11 verbose folder /home/nico/Copy/Workspace/xtens-waterline
12 info prepublish xtens-waterline@1.0.0
13 verbose addLocalTarball adding from inside cache /home/nico/.npm/xtens-waterline/1.0.0/package.tgz
14 silly cache afterAdd xtens-waterline@1.0.0
15 verbose afterAdd /home/nico/.npm/xtens-waterline/1.0.0/package/package.json not in flight; writing
16 verbose afterAdd /home/nico/.npm/xtens-waterline/1.0.0/package/package.json written
17 silly publish { name: 'xtens-waterline',
17 silly publish   version: '1.0.0',
17 silly publish   description: 'Waterline module for XTENS 2',
17 silly publish   main: 'index.js',
17 silly publish   scripts: { test: 'PORT=9999 NODE_ENV=test mocha -R spec --recursive' },
17 silly publish   repository:
17 silly publish    { type: 'git',
17 silly publish      url: 'git+https://github.com/gicaz/xtens-waterline.git' },
17 silly publish   keywords: [ 'xtens2', 'wateline', 'jsonb' ],
17 silly publish   author: { name: 'Nicolò Zanardi' },
17 silly publish   license: 'BSD-3-Clause',
17 silly publish   bugs: { url: 'https://github.com/gicaz/xtens-waterline/issues' },
17 silly publish   homepage: 'https://github.com/gicaz/xtens-waterline#readme',
17 silly publish   dependencies: { bluebird: '^2.10.2', lodash: '^3.10.1' },
17 silly publish   devDependencies: { chai: '^3.4.0', mocha: '^2.3.3', sinon: '^1.17.1' },
17 silly publish   readme: '# xtens-waterline\nWateline module for XTENS 2\n',
17 silly publish   readmeFilename: 'README.md',
17 silly publish   gitHead: '0756f6122d2b4b34300c62b31855090ee4bb1f98',
17 silly publish   _id: 'xtens-waterline@1.0.0',
17 silly publish   _shasum: '488317799103bdf25b612c0504a84a153ae75d7b',
17 silly publish   _from: '.' }
18 verbose getPublishConfig undefined
19 silly mapToRegistry name xtens-waterline
20 silly mapToRegistry using default registry
21 silly mapToRegistry registry https://registry.npmjs.org/
22 silly mapToRegistry uri https://registry.npmjs.org/xtens-waterline
23 verbose publish registryBase https://registry.npmjs.org/
24 silly publish uploading /home/nico/.npm/xtens-waterline/1.0.0/package.tgz
25 verbose request uri https://registry.npmjs.org/xtens-waterline
26 verbose request sending authorization for write operation
27 info attempt registry request try #1 at 12:13:27
28 verbose request using bearer token for auth
29 verbose request id 0094c307161ab54d
30 http request PUT https://registry.npmjs.org/xtens-waterline
31 http 403 https://registry.npmjs.org/xtens-waterline
32 verbose headers { 'content-type': 'application/json',
32 verbose headers   'cache-control': 'max-age=60',
32 verbose headers   'content-length': '95',
32 verbose headers   'accept-ranges': 'bytes',
32 verbose headers   date: 'Tue, 01 Dec 2015 11:13:29 GMT',
32 verbose headers   via: '1.1 varnish',
32 verbose headers   connection: 'keep-alive',
32 verbose headers   'x-served-by': 'cache-fra1240-FRA',
32 verbose headers   'x-cache': 'MISS',
32 verbose headers   'x-cache-hits': '0',
32 verbose headers   'x-timer': 'S1448968408.110164,VS0,VE993' }
33 verbose request invalidating /home/nico/.npm/registry.npmjs.org/xtens-waterline on PUT
34 error publish Failed PUT 403
35 verbose stack Error: "You cannot publish over the previously published version 1.0.0." : xtens-waterline
35 verbose stack     at makeError (/usr/local/lib/node_modules/npm/node_modules/npm-registry-client/lib/request.js:264:12)
35 verbose stack     at CachingRegistryClient.<anonymous> (/usr/local/lib/node_modules/npm/node_modules/npm-registry-client/lib/request.js:252:14)
35 verbose stack     at Request._callback (/usr/local/lib/node_modules/npm/node_modules/npm-registry-client/lib/request.js:172:14)
35 verbose stack     at Request.self.callback (/usr/local/lib/node_modules/npm/node_modules/request/request.js:198:22)
35 verbose stack     at emitTwo (events.js:87:13)
35 verbose stack     at Request.emit (events.js:172:7)
35 verbose stack     at Request.<anonymous> (/usr/local/lib/node_modules/npm/node_modules/request/request.js:1063:14)
35 verbose stack     at emitOne (events.js:82:20)
35 verbose stack     at Request.emit (events.js:169:7)
35 verbose stack     at IncomingMessage.<anonymous> (/usr/local/lib/node_modules/npm/node_modules/request/request.js:1009:12)
36 verbose statusCode 403
37 verbose pkgid xtens-waterline
38 verbose cwd /home/nico/Copy/Workspace/xtens-waterline
39 error Linux 4.2.0-18-generic
40 error argv "/usr/local/bin/node" "/usr/local/bin/npm" "publish" "./"
41 error node v4.2.1
42 error npm  v2.14.7
43 error code E403
44 error "You cannot publish over the previously published version 1.0.0." : xtens-waterline
45 error If you need help, you may report this error at:
45 error     <https://github.com/npm/npm/issues>
46 verbose exit [ 1, true ]
